# JRE version: Java(TM) SE Runtime Environment (8.0_101-b13) (build 1.8.0_101-b13)
# Java VM: Java HotSpot(TM) 64-Bit Server VM (25.101-b13 mixed mode bsd-amd64 compressed oops)
Heap:
 PSYoungGen      total 66048K, used 2702K [0x00000007aab00000, 0x00000007b4200000, 0x00000007c0000000)
  eden space 63488K, 4% used [0x00000007aab00000,0x00000007aad8b818,0x00000007ae900000)
  from space 2560K, 3% used [0x00000007ae900000,0x00000007ae918000,0x00000007aeb80000)
  to   space 30720K, 0% used [0x00000007b2400000,0x00000007b2400000,0x00000007b4200000)
 ParOldGen       total 125440K, used 39092K [0x0000000780000000, 0x0000000787a80000, 0x00000007aab00000)
  object space 125440K, 31% used [0x0000000780000000,0x000000078262d1e0,0x0000000787a80000)
 Metaspace       used 9518K, capacity 9697K, committed 9856K, reserved 1058816K
  class space    used 1004K, capacity 1087K, committed 1152K, reserved 1048576K
GC Heap History (10 events):
Event: 5.552 GC heap before
{Heap before GC invocations=3 (full 0):
 PSYoungGen      total 35328K, used 23138K [0x00000007aab00000, 0x00000007ad000000, 0x00000007c0000000)
  eden space 32768K, 62% used [0x00000007aab00000,0x00000007abf1bfb8,0x00000007acb00000)
  from space 2560K, 99% used [0x00000007acd80000,0x00000007acffcc10,0x00000007ad000000)
  to   space 2560K, 0% used [0x00000007acb00000,0x00000007acb00000,0x00000007acd80000)
 ParOldGen       total 44032K, used 20914K [0x0000000780000000, 0x0000000782b00000, 0x00000007aab00000)
  object space 44032K, 47% used [0x0000000780000000,0x000000078146ca88,0x0000000782b00000)
 Metaspace       used 9504K, capacity 9697K, committed 9856K, reserved 1058816K
  class space    used 1004K, capacity 1087K, committed 1152K, reserved 1048576K
Event: 5.569 GC heap after
Heap after GC invocations=3 (full 0):
 PSYoungGen      total 35328K, used 2547K [0x00000007aab00000, 0x00000007af000000, 0x00000007c0000000)
  eden space 32768K, 0% used [0x00000007aab00000,0x00000007aab00000,0x00000007acb00000)
  from space 2560K, 99% used [0x00000007acb00000,0x00000007acd7cc10,0x00000007acd80000)
  to   space 2560K, 0% used [0x00000007aed80000,0x00000007aed80000,0x00000007af000000)
 ParOldGen       total 44032K, used 41125K [0x0000000780000000, 0x0000000782b00000, 0x00000007aab00000)
  object space 44032K, 93% used [0x0000000780000000,0x0000000782829560,0x0000000782b00000)
 Metaspace       used 9504K, capacity 9697K, committed 9856K, reserved 1058816K
  class space    used 1004K, capacity 1087K, committed 1152K, reserved 1048576K
}
Event: 5.569 GC heap before
{Heap before GC invocations=4 (full 1):
 PSYoungGen      total 35328K, used 2547K [0x00000007aab00000, 0x00000007af000000, 0x00000007c0000000)
  eden space 32768K, 0% used [0x00000007aab00000,0x00000007aab00000,0x00000007acb00000)
  from space 2560K, 99% used [0x00000007acb00000,0x00000007acd7cc10,0x00000007acd80000)
  to   space 2560K, 0% used [0x00000007aed80000,0x00000007aed80000,0x00000007af000000)
 ParOldGen       total 44032K, used 41125K [0x0000000780000000, 0x0000000782b00000, 0x00000007aab00000)
  object space 44032K, 93% used [0x0000000780000000,0x0000000782829560,0x0000000782b00000)
 Metaspace       used 9504K, capacity 9697K, committed 9856K, reserved 1058816K
  class space    used 1004K, capacity 1087K, committed 1152K, reserved 1048576K
Event: 5.614 GC heap after
Heap after GC invocations=4 (full 1):
 PSYoungGen      total 35328K, used 0K [0x00000007aab00000, 0x00000007af000000, 0x00000007c0000000)
  eden space 32768K, 0% used [0x00000007aab00000,0x00000007aab00000,0x00000007acb00000)
  from space 2560K, 0% used [0x00000007acb00000,0x00000007acb00000,0x00000007acd80000)
  to   space 2560K, 0% used [0x00000007aed80000,0x00000007aed80000,0x00000007af000000)
 ParOldGen       total 56320K, used 10601K [0x0000000780000000, 0x0000000783700000, 0x00000007aab00000)
  object space 56320K, 18% used [0x0000000780000000,0x0000000780a5a7f0,0x0000000783700000)
 Metaspace       used 9504K, capacity 9697K, committed 9856K, reserved 1058816K
  class space    used 1004K, capacity 1087K, committed 1152K, reserved 1048576K
}
Event: 5.727 GC heap before
{Heap before GC invocations=5 (full 1):
 PSYoungGen      total 35328K, used 32768K [0x00000007aab00000, 0x00000007af000000, 0x00000007c0000000)
  eden space 32768K, 100% used [0x00000007aab00000,0x00000007acb00000,0x00000007acb00000)
  from space 2560K, 0% used [0x00000007acb00000,0x00000007acb00000,0x00000007acd80000)
  to   space 2560K, 0% used [0x00000007aed80000,0x00000007aed80000,0x00000007af000000)
 ParOldGen       total 56320K, used 10601K [0x0000000780000000, 0x0000000783700000, 0x00000007aab00000)
  object space 56320K, 18% used [0x0000000780000000,0x0000000780a5a7f0,0x0000000783700000)
 Metaspace       used 9504K, capacity 9697K, committed 9856K, reserved 1058816K
  class space    used 1004K, capacity 1087K, committed 1152K, reserved 1048576K
Event: 5.754 GC heap after
Heap after GC invocations=5 (full 1):
 PSYoungGen      total 62976K, used 128K [0x00000007aab00000, 0x00000007aee00000, 0x00000007c0000000)
  eden space 62464K, 0% used [0x00000007aab00000,0x00000007aab00000,0x00000007ae800000)
  from space 512K, 25% used [0x00000007aed80000,0x00000007aeda0000,0x00000007aee00000)
  to   space 2560K, 0% used [0x00000007ae900000,0x00000007ae900000,0x00000007aeb80000)
 ParOldGen       total 72704K, used 67578K [0x0000000780000000, 0x0000000784700000, 0x00000007aab00000)
  object space 72704K, 92% used [0x0000000780000000,0x00000007841fe850,0x0000000784700000)
 Metaspace       used 9504K, capacity 9697K, committed 9856K, reserved 1058816K
  class space    used 1004K, capacity 1087K, committed 1152K, reserved 1048576K
}
Event: 5.754 GC heap before
{Heap before GC invocations=6 (full 2):
 PSYoungGen      total 62976K, used 128K [0x00000007aab00000, 0x00000007aee00000, 0x00000007c0000000)
  eden space 62464K, 0% used [0x00000007aab00000,0x00000007aab00000,0x00000007ae800000)
  from space 512K, 25% used [0x00000007aed80000,0x00000007aeda0000,0x00000007aee00000)
  to   space 2560K, 0% used [0x00000007ae900000,0x00000007ae900000,0x00000007aeb80000)
 ParOldGen       total 72704K, used 67578K [0x0000000780000000, 0x0000000784700000, 0x00000007aab00000)
  object space 72704K, 92% used [0x0000000780000000,0x00000007841fe850,0x0000000784700000)
 Metaspace       used 9504K, capacity 9697K, committed 9856K, reserved 1058816K
  class space    used 1004K, capacity 1087K, committed 1152K, reserved 1048576K
Event: 5.770 GC heap after
Heap after GC invocations=6 (full 2):
 PSYoungGen      total 62976K, used 0K [0x00000007aab00000, 0x00000007aee00000, 0x00000007c0000000)
  eden space 62464K, 0% used [0x00000007aab00000,0x00000007aab00000,0x00000007ae800000)
  from space 512K, 0% used [0x00000007aed80000,0x00000007aed80000,0x00000007aee00000)
  to   space 2560K, 0% used [0x00000007ae900000,0x00000007ae900000,0x00000007aeb80000)
 ParOldGen       total 125440K, used 39092K [0x0000000780000000, 0x0000000787a80000, 0x00000007aab00000)
  object space 125440K, 31% used [0x0000000780000000,0x000000078262d1e0,0x0000000787a80000)
 Metaspace       used 9504K, capacity 9697K, committed 9856K, reserved 1058816K
  class space    used 1004K, capacity 1087K, committed 1152K, reserved 1048576K
}
Event: 8.420 GC heap before
{Heap before GC invocations=7 (full 2):
 PSYoungGen      total 62976K, used 62464K [0x00000007aab00000, 0x00000007aee00000, 0x00000007c0000000)
  eden space 62464K, 100% used [0x00000007aab00000,0x00000007ae800000,0x00000007ae800000)
  from space 512K, 0% used [0x00000007aed80000,0x00000007aed80000,0x00000007aee00000)
  to   space 2560K, 0% used [0x00000007ae900000,0x00000007ae900000,0x00000007aeb80000)
 ParOldGen       total 125440K, used 39092K [0x0000000780000000, 0x0000000787a80000, 0x00000007aab00000)
  object space 125440K, 31% used [0x0000000780000000,0x000000078262d1e0,0x0000000787a80000)
 Metaspace       used 9504K, capacity 9697K, committed 9856K, reserved 1058816K
  class space    used 1004K, capacity 1087K, committed 1152K, reserved 1048576K
Event: 8.422 GC heap after
Heap after GC invocations=7 (full 2):
 PSYoungGen      total 66048K, used 96K [0x00000007aab00000, 0x00000007b4200000, 0x00000007c0000000)
  eden space 63488K, 0% used [0x00000007aab00000,0x00000007aab00000,0x00000007ae900000)
  from space 2560K, 3% used [0x00000007ae900000,0x00000007ae918000,0x00000007aeb80000)
  to   space 30720K, 0% used [0x00000007b2400000,0x00000007b2400000,0x00000007b4200000)
 ParOldGen       total 125440K, used 39092K [0x0000000780000000, 0x0000000787a80000, 0x00000007aab00000)
  object space 125440K, 31% used [0x0000000780000000,0x000000078262d1e0,0x0000000787a80000)
 Metaspace       used 9504K, capacity 9697K, committed 9856K, reserved 1058816K
  class space    used 1004K, capacity 1087K, committed 1152K, reserved 1048576K
}

